This is pdfTeX, Version 3.141592653-2.6-1.40.25 (TeX Live 2023) (preloaded format=pdflatex 2023.7.21)  29 SEP 2023 15:29
entering extended mode
 restricted \write18 enabled.
 file:line:error style messages enabled.
 %&-line parsing enabled.
**PaperForReview.tex
(F:/my-home/1-ai-paper/fvhnet-loss-p/PaperForReview.tex
LaTeX2e <2022-11-01> patch level 1
L3 programming layer <2023-02-22>
(e:/tool_develop/LaTex/texlive/2023/texmf-dist/tex/latex/base/article.cls
Document Class: article 2022/07/02 v1.4n Standard LaTeX document class
(e:/tool_develop/LaTex/texlive/2023/texmf-dist/tex/latex/base/size10.clo
File: size10.clo 2022/07/02 v1.4n Standard LaTeX file (size option)
)
\c@part=\count185
\c@section=\count186
\c@subsection=\count187
\c@subsubsection=\count188
\c@paragraph=\count189
\c@subparagraph=\count190
\c@figure=\count191
\c@table=\count192
\abovecaptionskip=\skip48
\belowcaptionskip=\skip49
\bibindent=\dimen140
)
(F:/my-home/1-ai-paper/fvhnet-loss-p/package/cvpr.sty

LaTeX Warning: You have requested package `package/cvpr',
               but the package provides `cvpr'.

Package: cvpr 2021/08/23 Example LaTex class for IEEE CVPR
(e:/tool_develop/LaTex/texlive/2023/texmf-dist/tex/latex/psnfss/times.sty
Package: times 2020/03/25 PSNFSS-v9.3 (SPQR) 
)
(e:/tool_develop/LaTex/texlive/2023/texmf-dist/tex/latex/cite/cite.sty
LaTeX Info: Redefining \cite on input line 302.
LaTeX Info: Redefining \nocite on input line 332.
Package: cite 2015/02/27  v 5.5
)
(e:/tool_develop/LaTex/texlive/2023/texmf-dist/tex/latex/tools/xspace.sty
Package: xspace 2014/10/28 v1.13 Space after command names (DPC,MH)
)
(e:/tool_develop/LaTex/texlive/2023/texmf-dist/tex/latex/silence/silence.sty
Package: silence 2012/07/02 v1.5b Selective filtering of warnings and error mes
sages
\sl@Save=\count193
\sl@StateNumber=\count194
\sl@MessageCount=\count195
\sl@Casualties=\count196
\sl@Filter=\toks16
\sl@Message=\toks17
\sl@UnexpandedMessage=\toks18
\sl@Mess@ge=\toks19
\sl@WarningCount=\count197
\sl@WarningNumber=\count198
\sl@WarningCasualties=\count199
\sl@TempBOW=\toks20
\sl@BankOfWarnings=\toks21
LaTeX Info: Redefining \GenericWarning on input line 433.
\sl@ErrorCount=\count266
\sl@ErrorNumber=\count267
\sl@ErrorCasualties=\count268
\sl@TempBOE=\toks22
\sl@BankOfErrors=\toks23
LaTeX Info: Redefining \GenericError on input line 601.
)
(e:/tool_develop/LaTex/texlive/2023/texmf-dist/tex/latex/etoolbox/etoolbox.sty
Package: etoolbox 2020/10/05 v2.5k e-TeX tools for LaTeX (JAW)
\etb@tempcnta=\count269
) (e:/tool_develop/LaTex/texlive/2023/texmf-dist/tex/latex/caption/caption.sty
Package: caption 2023/03/12 v3.6j Customizing captions (AR)

(e:/tool_develop/LaTex/texlive/2023/texmf-dist/tex/latex/caption/caption3.sty
Package: caption3 2023/03/12 v2.4 caption3 kernel (AR)

(e:/tool_develop/LaTex/texlive/2023/texmf-dist/tex/latex/graphics/keyval.sty
Package: keyval 2022/05/29 v1.15 key=value parser (DPC)
\KV@toks@=\toks24
)
\caption@tempdima=\dimen141
\captionmargin=\dimen142
\caption@leftmargin=\dimen143
\caption@rightmargin=\dimen144
\caption@width=\dimen145
\caption@indent=\dimen146
\caption@parindent=\dimen147
\caption@hangindent=\dimen148
Package caption Info: Standard document class detected.
)
\c@caption@flags=\count270
\c@continuedfloat=\count271
)
(e:/tool_develop/LaTex/texlive/2023/texmf-dist/tex/latex/caption/subcaption.sty
Package: subcaption 2023/02/19 v1.6 Sub-captions (AR)
Package caption Info: New subtype `subfigure' on input line 239.
\c@subfigure=\count272
Package caption Info: New subtype `subtable' on input line 239.
\c@subtable=\count273
) (e:/tool_develop/LaTex/texlive/2023/texmf-dist/tex/latex/url/url.sty
\Urlmuskip=\muskip16
Package: url 2013/09/16  ver 3.4  Verb mode for urls, etc.
)
CVPR 8.5 x 11-Inch Proceedings Style `cvpr.sty'.
\cvprrulerbox=\box51
\cvprrulercount=\count274
\cvprruleroffset=\dimen149
\cv@lineheight=\dimen150
\cv@boxheight=\dimen151
\cv@tmpbox=\box52
\cv@refno=\count275
\cv@tot=\count276
\cv@tmpc@=\count277
\cv@tmpc=\count278
)
(e:/tool_develop/LaTex/texlive/2023/texmf-dist/tex/latex/graphics/graphicx.sty
Package: graphicx 2021/09/16 v1.2d Enhanced LaTeX Graphics (DPC,SPQR)

(e:/tool_develop/LaTex/texlive/2023/texmf-dist/tex/latex/graphics/graphics.sty
Package: graphics 2022/03/10 v1.4e Standard LaTeX Graphics (DPC,SPQR)

(e:/tool_develop/LaTex/texlive/2023/texmf-dist/tex/latex/graphics/trig.sty
Package: trig 2021/08/11 v1.11 sin cos tan (DPC)
)
(e:/tool_develop/LaTex/texlive/2023/texmf-dist/tex/latex/graphics-cfg/graphics.
cfg
File: graphics.cfg 2016/06/04 v1.11 sample graphics configuration
)
Package graphics Info: Driver file: pdftex.def on input line 107.

(e:/tool_develop/LaTex/texlive/2023/texmf-dist/tex/latex/graphics-def/pdftex.de
f
File: pdftex.def 2022/09/22 v1.2b Graphics/color driver for pdftex
))
\Gin@req@height=\dimen152
\Gin@req@width=\dimen153
)
(e:/tool_develop/LaTex/texlive/2023/texmf-dist/tex/latex/amsmath/amsmath.sty
Package: amsmath 2022/04/08 v2.17n AMS math features
\@mathmargin=\skip50

For additional information on amsmath, use the `?' option.
(e:/tool_develop/LaTex/texlive/2023/texmf-dist/tex/latex/amsmath/amstext.sty
Package: amstext 2021/08/26 v2.01 AMS text

(e:/tool_develop/LaTex/texlive/2023/texmf-dist/tex/latex/amsmath/amsgen.sty
File: amsgen.sty 1999/11/30 v2.0 generic functions
\@emptytoks=\toks25
\ex@=\dimen154
))
(e:/tool_develop/LaTex/texlive/2023/texmf-dist/tex/latex/amsmath/amsbsy.sty
Package: amsbsy 1999/11/29 v1.2d Bold Symbols
\pmbraise@=\dimen155
)
(e:/tool_develop/LaTex/texlive/2023/texmf-dist/tex/latex/amsmath/amsopn.sty
Package: amsopn 2022/04/08 v2.04 operator names
)
\inf@bad=\count279
LaTeX Info: Redefining \frac on input line 234.
\uproot@=\count280
\leftroot@=\count281
LaTeX Info: Redefining \overline on input line 399.
LaTeX Info: Redefining \colon on input line 410.
\classnum@=\count282
\DOTSCASE@=\count283
LaTeX Info: Redefining \ldots on input line 496.
LaTeX Info: Redefining \dots on input line 499.
LaTeX Info: Redefining \cdots on input line 620.
\Mathstrutbox@=\box53
\strutbox@=\box54
LaTeX Info: Redefining \big on input line 722.
LaTeX Info: Redefining \Big on input line 723.
LaTeX Info: Redefining \bigg on input line 724.
LaTeX Info: Redefining \Bigg on input line 725.
\big@size=\dimen156
LaTeX Font Info:    Redeclaring font encoding OML on input line 743.
LaTeX Font Info:    Redeclaring font encoding OMS on input line 744.
\macc@depth=\count284
LaTeX Info: Redefining \bmod on input line 905.
LaTeX Info: Redefining \pmod on input line 910.
LaTeX Info: Redefining \smash on input line 940.
LaTeX Info: Redefining \relbar on input line 970.
LaTeX Info: Redefining \Relbar on input line 971.
\c@MaxMatrixCols=\count285
\dotsspace@=\muskip17
\c@parentequation=\count286
\dspbrk@lvl=\count287
\tag@help=\toks26
\row@=\count288
\column@=\count289
\maxfields@=\count290
\andhelp@=\toks27
\eqnshift@=\dimen157
\alignsep@=\dimen158
\tagshift@=\dimen159
\tagwidth@=\dimen160
\totwidth@=\dimen161
\lineht@=\dimen162
\@envbody=\toks28
\multlinegap=\skip51
\multlinetaggap=\skip52
\mathdisplay@stack=\toks29
LaTeX Info: Redefining \[ on input line 2953.
LaTeX Info: Redefining \] on input line 2954.
)
(e:/tool_develop/LaTex/texlive/2023/texmf-dist/tex/latex/amsfonts/amssymb.sty
Package: amssymb 2013/01/14 v3.01 AMS font symbols

(e:/tool_develop/LaTex/texlive/2023/texmf-dist/tex/latex/amsfonts/amsfonts.sty
Package: amsfonts 2013/01/14 v3.01 Basic AMSFonts support
\symAMSa=\mathgroup4
\symAMSb=\mathgroup5
LaTeX Font Info:    Redeclaring math symbol \hbar on input line 98.
LaTeX Font Info:    Overwriting math alphabet `\mathfrak' in version `bold'
(Font)                  U/euf/m/n --> U/euf/b/n on input line 106.
))
(e:/tool_develop/LaTex/texlive/2023/texmf-dist/tex/latex/booktabs/booktabs.sty
Package: booktabs 2020/01/12 v1.61803398 Publication quality tables
\heavyrulewidth=\dimen163
\lightrulewidth=\dimen164
\cmidrulewidth=\dimen165
\belowrulesep=\dimen166
\belowbottomsep=\dimen167
\aboverulesep=\dimen168
\abovetopsep=\dimen169
\cmidrulesep=\dimen170
\cmidrulekern=\dimen171
\defaultaddspace=\dimen172
\@cmidla=\count291
\@cmidlb=\count292
\@aboverulesep=\dimen173
\@belowrulesep=\dimen174
\@thisruleclass=\count293
\@lastruleclass=\count294
\@thisrulewidth=\dimen175
) (e:/tool_develop/LaTex/texlive/2023/texmf-dist/tex/latex/tools/multicol.sty
Package: multicol 2021/11/30 v1.9d multicolumn formatting (FMi)
\c@tracingmulticols=\count295


Package multicol Warning: May not work with the twocolumn option on input line 
143.

\mult@box=\box55
\multicol@leftmargin=\dimen176
\c@unbalance=\count296
\c@collectmore=\count297
\doublecol@number=\count298
\multicoltolerance=\count299
\multicolpretolerance=\count300
\full@width=\dimen177
\page@free=\dimen178
\premulticols=\dimen179
\postmulticols=\dimen180
\multicolsep=\skip53
\multicolbaselineskip=\skip54
\partial@page=\box56
\last@line=\box57
\maxbalancingoverflow=\dimen181
\mult@rightbox=\box58
\mult@grightbox=\box59
\mult@firstbox=\box60
\mult@gfirstbox=\box61
\@tempa=\box62
\@tempa=\box63
\@tempa=\box64
\@tempa=\box65
\@tempa=\box66
\@tempa=\box67
\@tempa=\box68
\@tempa=\box69
\@tempa=\box70
\@tempa=\box71
\@tempa=\box72
\@tempa=\box73
\@tempa=\box74
\@tempa=\box75
\@tempa=\box76
\@tempa=\box77
\@tempa=\box78
\@tempa=\box79
\@tempa=\box80
\@tempa=\box81
\@tempa=\box82
\@tempa=\box83
\@tempa=\box84
\@tempa=\box85
\@tempa=\box86
\@tempa=\box87
\@tempa=\box88
\@tempa=\box89
\@tempa=\box90
\@tempa=\box91
\@tempa=\box92
\@tempa=\box93
\@tempa=\box94
\@tempa=\box95
\@tempa=\box96
\@tempa=\box97
\c@minrows=\count301
\c@columnbadness=\count302
\c@finalcolumnbadness=\count303
\last@try=\dimen182
\multicolovershoot=\dimen183
\multicolundershoot=\dimen184
\mult@nat@firstbox=\box98
\colbreak@box=\box99
\mc@col@check@num=\count304
)
(e:/tool_develop/LaTex/texlive/2023/texmf-dist/tex/latex/multirow/multirow.sty
Package: multirow 2021/03/15 v2.8 Span multiple rows of a table
\multirow@colwidth=\skip55
\multirow@cntb=\count305
\multirow@dima=\skip56
\bigstrutjot=\dimen185
) (e:/tool_develop/LaTex/texlive/2023/texmf-dist/tex/latex/hyperref/hyperref.st
y
Package: hyperref 2023-02-07 v7.00v Hypertext links for LaTeX
(e:/tool_develop/LaTex/texlive/2023/texmf-dist/tex/generic/ltxcmds/ltxcmds.sty
Package: ltxcmds 2020-05-10 v1.25 LaTeX kernel commands for general use (HO)
) (e:/tool_develop/LaTex/texlive/2023/texmf-dist/tex/generic/iftex/iftex.sty
Package: iftex 2022/02/03 v1.0f TeX engine tests
)
(e:/tool_develop/LaTex/texlive/2023/texmf-dist/tex/generic/pdftexcmds/pdftexcmd
s.sty
Package: pdftexcmds 2020-06-27 v0.33 Utility functions of pdfTeX for LuaTeX (HO
)

(e:/tool_develop/LaTex/texlive/2023/texmf-dist/tex/generic/infwarerr/infwarerr.
sty
Package: infwarerr 2019/12/03 v1.5 Providing info/warning/error messages (HO)
)
Package pdftexcmds Info: \pdf@primitive is available.
Package pdftexcmds Info: \pdf@ifprimitive is available.
Package pdftexcmds Info: \pdfdraftmode found.
)
(e:/tool_develop/LaTex/texlive/2023/texmf-dist/tex/latex/kvsetkeys/kvsetkeys.st
y
Package: kvsetkeys 2022-10-05 v1.19 Key value parser (HO)
)
(e:/tool_develop/LaTex/texlive/2023/texmf-dist/tex/generic/kvdefinekeys/kvdefin
ekeys.sty
Package: kvdefinekeys 2019-12-19 v1.6 Define keys (HO)
)
(e:/tool_develop/LaTex/texlive/2023/texmf-dist/tex/generic/pdfescape/pdfescape.
sty
Package: pdfescape 2019/12/09 v1.15 Implements pdfTeX's escape features (HO)
)
(e:/tool_develop/LaTex/texlive/2023/texmf-dist/tex/latex/hycolor/hycolor.sty
Package: hycolor 2020-01-27 v1.10 Color options for hyperref/bookmark (HO)
)
(e:/tool_develop/LaTex/texlive/2023/texmf-dist/tex/latex/letltxmacro/letltxmacr
o.sty
Package: letltxmacro 2019/12/03 v1.6 Let assignment for LaTeX macros (HO)
)
(e:/tool_develop/LaTex/texlive/2023/texmf-dist/tex/latex/auxhook/auxhook.sty
Package: auxhook 2019-12-17 v1.6 Hooks for auxiliary files (HO)
)
(e:/tool_develop/LaTex/texlive/2023/texmf-dist/tex/latex/hyperref/nameref.sty
Package: nameref 2022-05-17 v2.50 Cross-referencing by name of section

(e:/tool_develop/LaTex/texlive/2023/texmf-dist/tex/latex/refcount/refcount.sty
Package: refcount 2019/12/15 v3.6 Data extraction from label references (HO)
)
(e:/tool_develop/LaTex/texlive/2023/texmf-dist/tex/generic/gettitlestring/getti
tlestring.sty
Package: gettitlestring 2019/12/15 v1.6 Cleanup title references (HO)

(e:/tool_develop/LaTex/texlive/2023/texmf-dist/tex/latex/kvoptions/kvoptions.st
y
Package: kvoptions 2022-06-15 v3.15 Key value format for package options (HO)
))
\c@section@level=\count306
)
\@linkdim=\dimen186
\Hy@linkcounter=\count307
\Hy@pagecounter=\count308

(e:/tool_develop/LaTex/texlive/2023/texmf-dist/tex/latex/hyperref/pd1enc.def
File: pd1enc.def 2023-02-07 v7.00v Hyperref: PDFDocEncoding definition (HO)
Now handling font encoding PD1 ...
... no UTF-8 mapping file for font encoding PD1
)
(e:/tool_develop/LaTex/texlive/2023/texmf-dist/tex/generic/intcalc/intcalc.sty
Package: intcalc 2019/12/15 v1.3 Expandable calculations with integers (HO)
)
(e:/tool_develop/LaTex/texlive/2023/texmf-dist/tex/generic/etexcmds/etexcmds.st
y
Package: etexcmds 2019/12/15 v1.7 Avoid name clashes with e-TeX commands (HO)
)
\Hy@SavedSpaceFactor=\count309
 (e:/tool_develop/LaTex/texlive/2023/texmf-dist/tex/latex/hyperref/puenc.def
File: puenc.def 2023-02-07 v7.00v Hyperref: PDF Unicode definition (HO)
Now handling font encoding PU ...
... no UTF-8 mapping file for font encoding PU
)
Package hyperref Info: Option `breaklinks' set `true' on input line 4060.
Package hyperref Info: Option `colorlinks' set `true' on input line 4060.
Package hyperref Info: Hyper figures OFF on input line 4177.
Package hyperref Info: Link nesting OFF on input line 4182.
Package hyperref Info: Hyper index ON on input line 4185.
Package hyperref Info: Plain pages OFF on input line 4192.
Package hyperref Info: Backreferencing ON on input line 4195.
Package hyperref Info: Implicit mode ON; LaTeX internals redefined.
Package hyperref Info: Bookmarks ON on input line 4425.
(e:/tool_develop/LaTex/texlive/2023/texmf-dist/tex/latex/hyperref/backref.sty
Package: backref 2021/02/04 v1.41 Bibliographical back referencing

(e:/tool_develop/LaTex/texlive/2023/texmf-dist/tex/latex/rerunfilecheck/rerunfi
lecheck.sty
Package: rerunfilecheck 2022-07-10 v1.10 Rerun checks for auxiliary files (HO)

(e:/tool_develop/LaTex/texlive/2023/texmf-dist/tex/latex/base/atveryend-ltx.sty
Package: atveryend-ltx 2020/08/19 v1.0a Emulation of the original atveryend pac
kage
with kernel methods
)
(e:/tool_develop/LaTex/texlive/2023/texmf-dist/tex/generic/uniquecounter/unique
counter.sty
Package: uniquecounter 2019/12/15 v1.4 Provide unlimited unique counter (HO)

(e:/tool_develop/LaTex/texlive/2023/texmf-dist/tex/generic/bigintcalc/bigintcal
c.sty
Package: bigintcalc 2019/12/15 v1.5 Expandable calculations on big integers (HO
)
))
Package uniquecounter Info: New unique counter `rerunfilecheck' on input line 2
85.
))
\c@Hy@tempcnt=\count310
LaTeX Info: Redefining \url on input line 4763.
\XeTeXLinkMargin=\dimen187

(e:/tool_develop/LaTex/texlive/2023/texmf-dist/tex/generic/bitset/bitset.sty
Package: bitset 2019/12/09 v1.3 Handle bit-vector datatype (HO)
)
\Fld@menulength=\count311
\Field@Width=\dimen188
\Fld@charsize=\dimen189
Package hyperref Info: Hyper figures OFF on input line 6042.
Package hyperref Info: Link nesting OFF on input line 6047.
Package hyperref Info: Hyper index ON on input line 6050.
Package hyperref Info: backreferencing ON on input line 6055.
Package hyperref Info: Link coloring ON on input line 6060.
Package hyperref Info: Link coloring with OCG OFF on input line 6067.
Package hyperref Info: PDF/A mode OFF on input line 6072.

(e:/tool_develop/LaTex/texlive/2023/texmf-dist/tex/latex/base/atbegshi-ltx.sty
Package: atbegshi-ltx 2021/01/10 v1.0c Emulation of the original atbegshi
package with kernel methods
)
\Hy@abspage=\count312
\c@Item=\count313
\c@Hfootnote=\count314
)
Package hyperref Info: Driver (autodetected): hpdftex.
 (e:/tool_develop/LaTex/texlive/2023/texmf-dist/tex/latex/hyperref/hpdftex.def
File: hpdftex.def 2023-02-07 v7.00v Hyperref driver for pdfTeX
\Fld@listcount=\count315
\c@bookmark@seq@number=\count316
\Hy@SectionHShift=\skip57
)
(e:/tool_develop/LaTex/texlive/2023/texmf-dist/tex/latex/cleveref/cleveref.sty
Package: cleveref 2018/03/27 v0.21.4 Intelligent cross-referencing
Package cleveref Info: `hyperref' support loaded on input line 2370.
LaTeX Info: Redefining \cref on input line 2370.
LaTeX Info: Redefining \Cref on input line 2370.
LaTeX Info: Redefining \crefrange on input line 2370.
LaTeX Info: Redefining \Crefrange on input line 2370.
LaTeX Info: Redefining \cpageref on input line 2370.
LaTeX Info: Redefining \Cpageref on input line 2370.
LaTeX Info: Redefining \cpagerefrange on input line 2370.
LaTeX Info: Redefining \Cpagerefrange on input line 2370.
LaTeX Info: Redefining \labelcref on input line 2370.
LaTeX Info: Redefining \labelcpageref on input line 2370.
Package cleveref Info: always capitalise cross-reference names on input line 78
30.
Package cleveref Info: always capitalise cross-reference names on input line 78
52.
)
LaTeX Font Info:    Trying to load font information for OT1+ptm on input line 4
6.
(e:/tool_develop/LaTex/texlive/2023/texmf-dist/tex/latex/psnfss/ot1ptm.fd
File: ot1ptm.fd 2001/06/04 font definitions for OT1/ptm.
)
(e:/tool_develop/LaTex/texlive/2023/texmf-dist/tex/latex/l3backend/l3backend-pd
ftex.def
File: l3backend-pdftex.def 2023-01-16 L3 backend support: PDF output (pdfTeX)
\l__color_backend_stack_int=\count317
\l__pdf_internal_box=\box100
) (F:/my-home/1-ai-paper/fvhnet-loss-p/PaperForReview.aux)
\openout1 = `PaperForReview.aux'.

LaTeX Font Info:    Checking defaults for OML/cmm/m/it on input line 46.
LaTeX Font Info:    ... okay on input line 46.
LaTeX Font Info:    Checking defaults for OMS/cmsy/m/n on input line 46.
LaTeX Font Info:    ... okay on input line 46.
LaTeX Font Info:    Checking defaults for OT1/cmr/m/n on input line 46.
LaTeX Font Info:    ... okay on input line 46.
LaTeX Font Info:    Checking defaults for T1/cmr/m/n on input line 46.
LaTeX Font Info:    ... okay on input line 46.
LaTeX Font Info:    Checking defaults for TS1/cmr/m/n on input line 46.
LaTeX Font Info:    ... okay on input line 46.
LaTeX Font Info:    Checking defaults for OMX/cmex/m/n on input line 46.
LaTeX Font Info:    ... okay on input line 46.
LaTeX Font Info:    Checking defaults for U/cmr/m/n on input line 46.
LaTeX Font Info:    ... okay on input line 46.
LaTeX Font Info:    Checking defaults for PD1/pdf/m/n on input line 46.
LaTeX Font Info:    ... okay on input line 46.
LaTeX Font Info:    Checking defaults for PU/pdf/m/n on input line 46.
LaTeX Font Info:    ... okay on input line 46.
Package caption Info: Begin \AtBeginDocument code.
Package caption Info: hyperref package is loaded.
Package caption Info: End \AtBeginDocument code.

ABD: EveryShipout initializing macros
(e:/tool_develop/LaTex/texlive/2023/texmf-dist/tex/latex/graphics/color.sty
Package: color 2022/01/06 v1.3d Standard LaTeX Color (DPC)

(e:/tool_develop/LaTex/texlive/2023/texmf-dist/tex/latex/graphics-cfg/color.cfg
File: color.cfg 2016/01/02 v1.6 sample color configuration
)
Package color Info: Driver file: pdftex.def on input line 149.

(e:/tool_develop/LaTex/texlive/2023/texmf-dist/tex/latex/graphics/mathcolor.ltx
)) (e:/tool_develop/LaTex/texlive/2023/texmf-dist/tex/latex/eepic/epic.sty
Enhancements to Picture Environment. Version 1.2 - Released June 1, 1986
\@@multicnt=\count318
\d@lta=\count319
\@delta=\dimen190
\@@delta=\dimen191
\@gridcnt=\count320
\@joinkind=\count321
\@dotgap=\dimen192
\@ddotgap=\dimen193
\@x@diff=\count322
\@y@diff=\count323
\x@diff=\dimen194
\y@diff=\dimen195
\@dotbox=\box101
\num@segments=\count324
\num@segmentsi=\count325
\@datafile=\read2
)
(e:/tool_develop/LaTex/texlive/2023/texmf-dist/tex/context/base/mkii/supp-pdf.m
kii
[Loading MPS to PDF converter (version 2006.09.02).]
\scratchcounter=\count326
\scratchdimen=\dimen196
\scratchbox=\box102
\nofMPsegments=\count327
\nofMParguments=\count328
\everyMPshowfont=\toks30
\MPscratchCnt=\count329
\MPscratchDim=\dimen197
\MPnumerator=\count330
\makeMPintoPDFobject=\count331
\everyMPtoPDFconversion=\toks31
)
(e:/tool_develop/LaTex/texlive/2023/texmf-dist/tex/latex/epstopdf-pkg/epstopdf-
base.sty
Package: epstopdf-base 2020-01-24 v2.11 Base part for package epstopdf
Package epstopdf-base Info: Redefining graphics rule for `.eps' on input line 4
85.

(e:/tool_develop/LaTex/texlive/2023/texmf-dist/tex/latex/latexconfig/epstopdf-s
ys.cfg
File: epstopdf-sys.cfg 2010/07/13 v1.3 Configuration of (r)epstopdf for TeX Liv
e
))
Package hyperref Info: Link coloring ON on input line 46.
 (F:/my-home/1-ai-paper/fvhnet-loss-p/PaperForReview.out)
(F:/my-home/1-ai-paper/fvhnet-loss-p/PaperForReview.out)
\@outlinefile=\write3
\openout3 = `PaperForReview.out'.

LaTeX Font Info:    Trying to load font information for U+msa on input line 54.


(e:/tool_develop/LaTex/texlive/2023/texmf-dist/tex/latex/amsfonts/umsa.fd
File: umsa.fd 2013/01/14 v3.01 AMS symbols A
)
LaTeX Font Info:    Trying to load font information for U+msb on input line 54.


(e:/tool_develop/LaTex/texlive/2023/texmf-dist/tex/latex/amsfonts/umsb.fd
File: umsb.fd 2013/01/14 v3.01 AMS symbols B
)
(F:/my-home/1-ai-paper/fvhnet-loss-p/src/01_abstract.tex)
(F:/my-home/1-ai-paper/fvhnet-loss-p/src/02_introduction.tex

LaTeX Warning: Citation `jin2022eigenlanes' on page 1 undefined on input line 5
.


LaTeX Warning: Citation `hou2019learning' on page 1 undefined on input line 5.


LaTeX Warning: Citation `liu2021end' on page 1 undefined on input line 5.


LaTeX Warning: Citation `wang2022keypoint' on page 1 undefined on input line 5.



LaTeX Warning: Citation `huang2023anchor3dlane' on page 1 undefined on input li
ne 5.


LaTeX Warning: Citation `chen2022persformer' on page 1 undefined on input line 
8.


LaTeX Warning: Citation `garnett20193d' on page 1 undefined on input line 8.


LaTeX Warning: Citation `guo2020gen' on page 1 undefined on input line 8.


LaTeX Warning: Citation `yan2022once' on page 1 undefined on input line 8.


LaTeX Warning: Citation `chen2022persformer' on page 1 undefined on input line 
8.


LaTeX Warning: Citation `efrat20203d' on page 1 undefined on input line 8.


LaTeX Warning: Citation `efrat20203d' on page 1 undefined on input line 8.


LaTeX Warning: Citation `garnett20193d' on page 1 undefined on input line 8.


LaTeX Warning: Citation `guo2020gen' on page 1 undefined on input line 8.


LaTeX Warning: Citation `liu2022learning' on page 1 undefined on input line 8.


LaTeX Warning: Citation `yan2022once' on page 1 undefined on input line 8.


LaTeX Warning: Citation `huang2023anchor3dlane' on page 1 undefined on input li
ne 8.

<asset/fig1_compare.png, id=60, 655.248pt x 439.8834pt>
File: asset/fig1_compare.png Graphic file (type png)
<use asset/fig1_compare.png>
Package pdftex.def Info: asset/fig1_compare.png  used on input line 13.
(pdftex.def)             Requested size: 237.13594pt x 159.1969pt.

LaTeX Warning: Citation `chen2022persformer' on page 1 undefined on input line 
19.


LaTeX Warning: Citation `efrat20203d' on page 1 undefined on input line 19.


LaTeX Warning: Citation `guo2020gen' on page 1 undefined on input line 19.


LaTeX Warning: Citation `liu2022learning' on page 1 undefined on input line 19.



LaTeX Warning: Citation `wang2023bev' on page 1 undefined on input line 19.

[1{e:/tool_develop/LaTex/texlive/2023/texmf-var/fonts/map/pdftex/updmap/pdftex.
map}{e:/tool_develop/LaTex/texlive/2023/texmf-dist/fonts/enc/dvips/base/8r.enc}


 <F:/my-home/1-ai-paper/fvhnet-loss-p/asset/fig1_compare.png>])
(F:/my-home/1-ai-paper/fvhnet-loss-p/src/03_related_work.tex

LaTeX Warning: Citation `chen2023improving' on page 2 undefined on input line 8
.


LaTeX Warning: Citation `jin2022eigenlanes' on page 2 undefined on input line 8
.


LaTeX Warning: Citation `liu2021end' on page 2 undefined on input line 8.


LaTeX Warning: Citation `pan2018spatial' on page 2 undefined on input line 8.


LaTeX Warning: Citation `tabelini2021polylanenet' on page 2 undefined on input 
line 8.


LaTeX Warning: Citation `yang2023lane' on page 2 undefined on input line 8.


LaTeX Warning: Citation `aly2008real' on page 2 undefined on input line 9.


LaTeX Warning: Citation `he2004color' on page 2 undefined on input line 9.


LaTeX Warning: Citation `kim2008robust' on page 2 undefined on input line 9.


LaTeX Warning: Citation `wang2004lane' on page 2 undefined on input line 9.


LaTeX Warning: Citation `zhou2010novel' on page 2 undefined on input line 9.


LaTeX Warning: Citation `srivastava2014improved' on page 2 undefined on input l
ine 9.


LaTeX Warning: Citation `chanawangsa2012new' on page 2 undefined on input line 
9.


LaTeX Warning: Citation `hou2019learning' on page 2 undefined on input line 14.



LaTeX Warning: Citation `neven2018towards' on page 2 undefined on input line 14
.


LaTeX Warning: Citation `pan2018spatial' on page 2 undefined on input line 14.


LaTeX Warning: Citation `qin2020ultra' on page 2 undefined on input line 14.


LaTeX Warning: Citation `dong2023hybrid' on page 2 undefined on input line 14.


LaTeX Warning: Citation `lee2023end' on page 2 undefined on input line 14.


LaTeX Warning: Citation `ko2021key' on page 2 undefined on input line 17.


LaTeX Warning: Citation `qu2021focus' on page 2 undefined on input line 17.


LaTeX Warning: Citation `wang2022keypoint' on page 2 undefined on input line 17
.


LaTeX Warning: Citation `xu2022rclane' on page 2 undefined on input line 17.


LaTeX Warning: Citation `feng2022rethinking' on page 2 undefined on input line 
22.


LaTeX Warning: Citation `tabelini2021polylanenet' on page 2 undefined on input 
line 22.


LaTeX Warning: Citation `chen2023improving' on page 2 undefined on input line 2
2.


LaTeX Warning: Citation `li2019line' on page 2 undefined on input line 26.


LaTeX Warning: Citation `liu2021condlanenet' on page 2 undefined on input line 
26.


LaTeX Warning: Citation `tabelini2021keep' on page 2 undefined on input line 26
.


LaTeX Warning: Citation `zheng2022clrnet' on page 2 undefined on input line 26.



LaTeX Warning: Citation `ran2023flamnet' on page 2 undefined on input line 26.


LaTeX Warning: Citation `huang2023anchor3dlane' on page 2 undefined on input li
ne 26.


LaTeX Warning: Citation `li2019line' on page 2 undefined on input line 28.


LaTeX Warning: Citation `tabelini2021keep' on page 2 undefined on input line 29
.


LaTeX Warning: Citation `zheng2022clrnet' on page 2 undefined on input line 30.



LaTeX Warning: Citation `cordts2016cityscapes' on page 2 undefined on input lin
e 38.


LaTeX Warning: Citation `luo2022m' on page 2 undefined on input line 38.


LaTeX Warning: Citation `chen2022persformer' on page 2 undefined on input line 
38.


LaTeX Warning: Citation `efrat20203d' on page 2 undefined on input line 40.


LaTeX Warning: Citation `garnett20193d' on page 2 undefined on input line 40.


LaTeX Warning: Citation `guo2020gen' on page 2 undefined on input line 40.


LaTeX Warning: Citation `liu2022learning' on page 2 undefined on input line 40.



LaTeX Warning: Citation `yan2022once' on page 2 undefined on input line 40.


LaTeX Warning: Citation `huang2023anchor3dlane' on page 2 undefined on input li
ne 40.


LaTeX Warning: Citation `wang2023bev' on page 2 undefined on input line 40.


LaTeX Warning: Citation `garnett20193d' on page 2 undefined on input line 42.


LaTeX Warning: Citation `guo2020gen' on page 2 undefined on input line 45.


LaTeX Warning: Citation `chen2022persformer' on page 2 undefined on input line 
47.


LaTeX Warning: Citation `yan2022once' on page 2 undefined on input line 48.


LaTeX Warning: Citation `huang2023anchor3dlane' on page 2 undefined on input li
ne 49.


LaTeX Warning: Citation `wang2023bev' on page 2 undefined on input line 50.

) [2] (F:/my-home/1-ai-paper/fvhnet-loss-p/src/04_methods.tex
<asset/structure.png, id=79, 769.4346pt x 391.7034pt>
File: asset/structure.png Graphic file (type png)
<use asset/structure.png>
Package pdftex.def Info: asset/structure.png  used on input line 4.
(pdftex.def)             Requested size: 566.97762pt x 288.62634pt.

Overfull \hbox (70.12137pt too wide) in paragraph at lines 4--5
 [][] 
 []


LaTeX Warning: Citation `tang2022image' on page 3 undefined on input line 15.


LaTeX Warning: Citation `he2016deep' on page 3 undefined on input line 18.


LaTeX Warning: Citation `wang2023bev' on page 3 undefined on input line 19.


F:/my-home/1-ai-paper/fvhnet-loss-p/src/04_methods.tex:28: LaTeX Error: Unicode
 character ？ (U+FF1F)
               not set up for use with LaTeX.

See the LaTeX manual or LaTeX Companion for explanation.
Type  H <return>  for immediate help.
 ...                                              
                                                  
l.28 why use homography？
                          
You may provide a definition with
\DeclareUnicodeCharacter 

LaTeX Font Info:    Trying to load font information for TS1+ptm on input line 3
7.
(e:/tool_develop/LaTex/texlive/2023/texmf-dist/tex/latex/psnfss/ts1ptm.fd
File: ts1ptm.fd 2001/06/04 font definitions for TS1/ptm.
)
<asset/virtual_camera.png, id=81, 700.5372pt x 384.4764pt>
File: asset/virtual_camera.png Graphic file (type png)
<use asset/virtual_camera.png>
Package pdftex.def Info: asset/virtual_camera.png  used on input line 84.
(pdftex.def)             Requested size: 237.13594pt x 130.14531pt.
<asset/loss2.png, id=82, 624.8946pt x 423.5022pt>
File: asset/loss2.png Graphic file (type png)
<use asset/loss2.png>
Package pdftex.def Info: asset/loss2.png  used on input line 91.
(pdftex.def)             Requested size: 425.8762pt x 288.62634pt.


LaTeX Warning: Citation `neven2018towards' on page 3 undefined on input line 12
0.

[3]) (F:/my-home/1-ai-paper/fvhnet-loss-p/src/05_expriments.tex

LaTeX Warning: Citation `guo2020gen' on page 4 undefined on input line 49.


LaTeX Warning: Citation `chen2022persformer' on page 4 undefined on input line 
55.


LaTeX Warning: Citation `he2016deep' on page 4 undefined on input line 66.


LaTeX Warning: Citation `kingma2014adam' on page 4 undefined on input line 70.

[4 <F:/my-home/1-ai-paper/fvhnet-loss-p/asset/structure.png> <F:/my-home/1-ai-p
aper/fvhnet-loss-p/asset/virtual_camera.png>] [5 <F:/my-home/1-ai-paper/fvhnet-
loss-p/asset/loss2.png>]

LaTeX Warning: Citation `guo2020gen' on page 6 undefined on input line 75.

) (F:/my-home/1-ai-paper/fvhnet-loss-p/src/06_conclusions.tex)
No file PaperForReview.bbl.
[6

] (F:/my-home/1-ai-paper/fvhnet-loss-p/PaperForReview.aux)

LaTeX Warning: There were undefined references.

Package rerunfilecheck Info: File `PaperForReview.out' has not changed.
(rerunfilecheck)             Checksum: D2E6AC9D70C73F86914D75FE27D86678;2100.
 ) 
Here is how much of TeX's memory you used:
 14112 strings out of 476025
 241718 string characters out of 5784534
 1873382 words of memory out of 5000000
 34327 multiletter control sequences out of 15000+600000
 533074 words of font info for 77 fonts, out of 8000000 for 9000
 1141 hyphenation exceptions out of 8191
 90i,10n,90p,482b,454s stack positions out of 10000i,1000n,20000p,200000b,200000s
<e:/tool_develop/LaTex/texlive/2023/texmf-dist/fonts/type1/public/amsfonts/cm
/cmex10.pfb><e:/tool_develop/LaTex/texlive/2023/texmf-dist/fonts/type1/public/a
msfonts/cm/cmmi10.pfb><e:/tool_develop/LaTex/texlive/2023/texmf-dist/fonts/type
1/public/amsfonts/cm/cmmi7.pfb><e:/tool_develop/LaTex/texlive/2023/texmf-dist/f
onts/type1/public/amsfonts/cm/cmr10.pfb><e:/tool_develop/LaTex/texlive/2023/tex
mf-dist/fonts/type1/public/amsfonts/cm/cmr7.pfb><e:/tool_develop/LaTex/texlive/
2023/texmf-dist/fonts/type1/public/amsfonts/cm/cmsy10.pfb><e:/tool_develop/LaTe
x/texlive/2023/texmf-dist/fonts/type1/public/amsfonts/cm/cmsy7.pfb><e:/tool_dev
elop/LaTex/texlive/2023/texmf-dist/fonts/type1/urw/times/utmb8a.pfb><e:/tool_de
velop/LaTex/texlive/2023/texmf-dist/fonts/type1/urw/times/utmr8a.pfb><e:/tool_d
evelop/LaTex/texlive/2023/texmf-dist/fonts/type1/urw/times/utmri8a.pfb>
Output written on F:/my-home/1-ai-paper/fvhnet-loss-p/PaperForReview.pdf (6 pag
es, 1934467 bytes).
PDF statistics:
 167 PDF objects out of 1000 (max. 8388607)
 129 compressed objects within 2 object streams
 26 named destinations out of 1000 (max. 500000)
 133 words of extra memory for PDF output out of 10000 (max. 10000000)

